Determining if the function _close exists failed with the following output:
Change Dir: /home/fserrano/OpenWRTCompilerServer/build/CMakeFiles/CMakeTmp

Run Build Command:/usr/bin/make "cmTryCompileExec47757496/fast"
/usr/bin/make -f CMakeFiles/cmTryCompileExec47757496.dir/build.make CMakeFiles/cmTryCompileExec47757496.dir/build
make[1]: se ingresa al directorio «/home/fserrano/OpenWRTCompilerServer/build/CMakeFiles/CMakeTmp»
/usr/bin/cmake -E cmake_progress_report /home/fserrano/OpenWRTCompilerServer/build/CMakeFiles/CMakeTmp/CMakeFiles 1
Building C object CMakeFiles/cmTryCompileExec47757496.dir/CheckFunctionExists.c.o
/usr/bin/cc   -DCHECK_FUNCTION_EXISTS=_close   -o CMakeFiles/cmTryCompileExec47757496.dir/CheckFunctionExists.c.o   -c /usr/share/cmake-2.8/Modules/CheckFunctionExists.c
Linking C executable cmTryCompileExec47757496
/usr/bin/cmake -E cmake_link_script CMakeFiles/cmTryCompileExec47757496.dir/link.txt --verbose=1
/usr/bin/cc   -DCHECK_FUNCTION_EXISTS=_close    CMakeFiles/cmTryCompileExec47757496.dir/CheckFunctionExists.c.o  -o cmTryCompileExec47757496 -rdynamic 
CMakeFiles/cmTryCompileExec47757496.dir/CheckFunctionExists.c.o: En la función `main':
CheckFunctionExists.c:(.text+0x15): referencia a `_close' sin definir
collect2: error: ld returned 1 exit status
make[1]: se sale del directorio «/home/fserrano/OpenWRTCompilerServer/build/CMakeFiles/CMakeTmp»
make[1]: *** [cmTryCompileExec47757496] Error 1
make: *** [cmTryCompileExec47757496/fast] Error 2


Determining if the function _dup exists failed with the following output:
Change Dir: /home/fserrano/OpenWRTCompilerServer/build/CMakeFiles/CMakeTmp

Run Build Command:/usr/bin/make "cmTryCompileExec3133486207/fast"
/usr/bin/make -f CMakeFiles/cmTryCompileExec3133486207.dir/build.make CMakeFiles/cmTryCompileExec3133486207.dir/build
make[1]: se ingresa al directorio «/home/fserrano/OpenWRTCompilerServer/build/CMakeFiles/CMakeTmp»
/usr/bin/cmake -E cmake_progress_report /home/fserrano/OpenWRTCompilerServer/build/CMakeFiles/CMakeTmp/CMakeFiles 1
Building C object CMakeFiles/cmTryCompileExec3133486207.dir/CheckFunctionExists.c.o
/usr/bin/cc   -DCHECK_FUNCTION_EXISTS=_dup   -o CMakeFiles/cmTryCompileExec3133486207.dir/CheckFunctionExists.c.o   -c /usr/share/cmake-2.8/Modules/CheckFunctionExists.c
Linking C executable cmTryCompileExec3133486207
/usr/bin/cmake -E cmake_link_script CMakeFiles/cmTryCompileExec3133486207.dir/link.txt --verbose=1
/usr/bin/cc   -DCHECK_FUNCTION_EXISTS=_dup    CMakeFiles/cmTryCompileExec3133486207.dir/CheckFunctionExists.c.o  -o cmTryCompileExec3133486207 -rdynamic 
CMakeFiles/cmTryCompileExec3133486207.dir/CheckFunctionExists.c.o: En la función `main':
CheckFunctionExists.c:(.text+0x15): referencia a `_dup' sin definir
collect2: error: ld returned 1 exit status
make[1]: se sale del directorio «/home/fserrano/OpenWRTCompilerServer/build/CMakeFiles/CMakeTmp»
make[1]: *** [cmTryCompileExec3133486207] Error 1
make: *** [cmTryCompileExec3133486207/fast] Error 2


Determining if the function _fdopen exists failed with the following output:
Change Dir: /home/fserrano/OpenWRTCompilerServer/build/CMakeFiles/CMakeTmp

Run Build Command:/usr/bin/make "cmTryCompileExec1970159870/fast"
/usr/bin/make -f CMakeFiles/cmTryCompileExec1970159870.dir/build.make CMakeFiles/cmTryCompileExec1970159870.dir/build
make[1]: se ingresa al directorio «/home/fserrano/OpenWRTCompilerServer/build/CMakeFiles/CMakeTmp»
/usr/bin/cmake -E cmake_progress_report /home/fserrano/OpenWRTCompilerServer/build/CMakeFiles/CMakeTmp/CMakeFiles 1
Building C object CMakeFiles/cmTryCompileExec1970159870.dir/CheckFunctionExists.c.o
/usr/bin/cc   -DCHECK_FUNCTION_EXISTS=_fdopen   -o CMakeFiles/cmTryCompileExec1970159870.dir/CheckFunctionExists.c.o   -c /usr/share/cmake-2.8/Modules/CheckFunctionExists.c
Linking C executable cmTryCompileExec1970159870
/usr/bin/cmake -E cmake_link_script CMakeFiles/cmTryCompileExec1970159870.dir/link.txt --verbose=1
/usr/bin/cc   -DCHECK_FUNCTION_EXISTS=_fdopen    CMakeFiles/cmTryCompileExec1970159870.dir/CheckFunctionExists.c.o  -o cmTryCompileExec1970159870 -rdynamic 
CMakeFiles/cmTryCompileExec1970159870.dir/CheckFunctionExists.c.o: En la función `main':
CheckFunctionExists.c:(.text+0x15): referencia a `_fdopen' sin definir
collect2: error: ld returned 1 exit status
make[1]: se sale del directorio «/home/fserrano/OpenWRTCompilerServer/build/CMakeFiles/CMakeTmp»
make[1]: *** [cmTryCompileExec1970159870] Error 1
make: *** [cmTryCompileExec1970159870/fast] Error 2


Determining if the function _fileno exists failed with the following output:
Change Dir: /home/fserrano/OpenWRTCompilerServer/build/CMakeFiles/CMakeTmp

Run Build Command:/usr/bin/make "cmTryCompileExec2364075900/fast"
/usr/bin/make -f CMakeFiles/cmTryCompileExec2364075900.dir/build.make CMakeFiles/cmTryCompileExec2364075900.dir/build
make[1]: se ingresa al directorio «/home/fserrano/OpenWRTCompilerServer/build/CMakeFiles/CMakeTmp»
/usr/bin/cmake -E cmake_progress_report /home/fserrano/OpenWRTCompilerServer/build/CMakeFiles/CMakeTmp/CMakeFiles 1
Building C object CMakeFiles/cmTryCompileExec2364075900.dir/CheckFunctionExists.c.o
/usr/bin/cc   -DCHECK_FUNCTION_EXISTS=_fileno   -o CMakeFiles/cmTryCompileExec2364075900.dir/CheckFunctionExists.c.o   -c /usr/share/cmake-2.8/Modules/CheckFunctionExists.c
Linking C executable cmTryCompileExec2364075900
/usr/bin/cmake -E cmake_link_script CMakeFiles/cmTryCompileExec2364075900.dir/link.txt --verbose=1
/usr/bin/cc   -DCHECK_FUNCTION_EXISTS=_fileno    CMakeFiles/cmTryCompileExec2364075900.dir/CheckFunctionExists.c.o  -o cmTryCompileExec2364075900 -rdynamic 
CMakeFiles/cmTryCompileExec2364075900.dir/CheckFunctionExists.c.o: En la función `main':
CheckFunctionExists.c:(.text+0x15): referencia a `_fileno' sin definir
collect2: error: ld returned 1 exit status
make[1]: *** [cmTryCompileExec2364075900] Error 1
make[1]: se sale del directorio «/home/fserrano/OpenWRTCompilerServer/build/CMakeFiles/CMakeTmp»
make: *** [cmTryCompileExec2364075900/fast] Error 2


Determining if the function _open exists failed with the following output:
Change Dir: /home/fserrano/OpenWRTCompilerServer/build/CMakeFiles/CMakeTmp

Run Build Command:/usr/bin/make "cmTryCompileExec2983930524/fast"
/usr/bin/make -f CMakeFiles/cmTryCompileExec2983930524.dir/build.make CMakeFiles/cmTryCompileExec2983930524.dir/build
make[1]: se ingresa al directorio «/home/fserrano/OpenWRTCompilerServer/build/CMakeFiles/CMakeTmp»
/usr/bin/cmake -E cmake_progress_report /home/fserrano/OpenWRTCompilerServer/build/CMakeFiles/CMakeTmp/CMakeFiles 1
Building C object CMakeFiles/cmTryCompileExec2983930524.dir/CheckFunctionExists.c.o
/usr/bin/cc   -DCHECK_FUNCTION_EXISTS=_open   -o CMakeFiles/cmTryCompileExec2983930524.dir/CheckFunctionExists.c.o   -c /usr/share/cmake-2.8/Modules/CheckFunctionExists.c
Linking C executable cmTryCompileExec2983930524
/usr/bin/cmake -E cmake_link_script CMakeFiles/cmTryCompileExec2983930524.dir/link.txt --verbose=1
/usr/bin/cc   -DCHECK_FUNCTION_EXISTS=_open    CMakeFiles/cmTryCompileExec2983930524.dir/CheckFunctionExists.c.o  -o cmTryCompileExec2983930524 -rdynamic 
CMakeFiles/cmTryCompileExec2983930524.dir/CheckFunctionExists.c.o: En la función `main':
CheckFunctionExists.c:(.text+0x15): referencia a `_open' sin definir
collect2: error: ld returned 1 exit status
make[1]: se sale del directorio «/home/fserrano/OpenWRTCompilerServer/build/CMakeFiles/CMakeTmp»
make[1]: *** [cmTryCompileExec2983930524] Error 1
make: *** [cmTryCompileExec2983930524/fast] Error 2


Determining if the function _setmode exists failed with the following output:
Change Dir: /home/fserrano/OpenWRTCompilerServer/build/CMakeFiles/CMakeTmp

Run Build Command:/usr/bin/make "cmTryCompileExec2047143767/fast"
/usr/bin/make -f CMakeFiles/cmTryCompileExec2047143767.dir/build.make CMakeFiles/cmTryCompileExec2047143767.dir/build
make[1]: se ingresa al directorio «/home/fserrano/OpenWRTCompilerServer/build/CMakeFiles/CMakeTmp»
/usr/bin/cmake -E cmake_progress_report /home/fserrano/OpenWRTCompilerServer/build/CMakeFiles/CMakeTmp/CMakeFiles 1
Building C object CMakeFiles/cmTryCompileExec2047143767.dir/CheckFunctionExists.c.o
/usr/bin/cc   -DCHECK_FUNCTION_EXISTS=_setmode   -o CMakeFiles/cmTryCompileExec2047143767.dir/CheckFunctionExists.c.o   -c /usr/share/cmake-2.8/Modules/CheckFunctionExists.c
Linking C executable cmTryCompileExec2047143767
/usr/bin/cmake -E cmake_link_script CMakeFiles/cmTryCompileExec2047143767.dir/link.txt --verbose=1
/usr/bin/cc   -DCHECK_FUNCTION_EXISTS=_setmode    CMakeFiles/cmTryCompileExec2047143767.dir/CheckFunctionExists.c.o  -o cmTryCompileExec2047143767 -rdynamic 
CMakeFiles/cmTryCompileExec2047143767.dir/CheckFunctionExists.c.o: En la función `main':
CheckFunctionExists.c:(.text+0x15): referencia a `_setmode' sin definir
collect2: error: ld returned 1 exit status
make[1]: se sale del directorio «/home/fserrano/OpenWRTCompilerServer/build/CMakeFiles/CMakeTmp»
make[1]: *** [cmTryCompileExec2047143767] Error 1
make: *** [cmTryCompileExec2047143767/fast] Error 2


Determining if the function _snprintf exists failed with the following output:
Change Dir: /home/fserrano/OpenWRTCompilerServer/build/CMakeFiles/CMakeTmp

Run Build Command:/usr/bin/make "cmTryCompileExec607247295/fast"
/usr/bin/make -f CMakeFiles/cmTryCompileExec607247295.dir/build.make CMakeFiles/cmTryCompileExec607247295.dir/build
make[1]: se ingresa al directorio «/home/fserrano/OpenWRTCompilerServer/build/CMakeFiles/CMakeTmp»
/usr/bin/cmake -E cmake_progress_report /home/fserrano/OpenWRTCompilerServer/build/CMakeFiles/CMakeTmp/CMakeFiles 1
Building C object CMakeFiles/cmTryCompileExec607247295.dir/CheckFunctionExists.c.o
/usr/bin/cc   -DCHECK_FUNCTION_EXISTS=_snprintf   -o CMakeFiles/cmTryCompileExec607247295.dir/CheckFunctionExists.c.o   -c /usr/share/cmake-2.8/Modules/CheckFunctionExists.c
Linking C executable cmTryCompileExec607247295
/usr/bin/cmake -E cmake_link_script CMakeFiles/cmTryCompileExec607247295.dir/link.txt --verbose=1
/usr/bin/cc   -DCHECK_FUNCTION_EXISTS=_snprintf    CMakeFiles/cmTryCompileExec607247295.dir/CheckFunctionExists.c.o  -o cmTryCompileExec607247295 -rdynamic 
CMakeFiles/cmTryCompileExec607247295.dir/CheckFunctionExists.c.o: En la función `main':
CheckFunctionExists.c:(.text+0x15): referencia a `_snprintf' sin definir
collect2: error: ld returned 1 exit status
make[1]: se sale del directorio «/home/fserrano/OpenWRTCompilerServer/build/CMakeFiles/CMakeTmp»
make[1]: *** [cmTryCompileExec607247295] Error 1
make: *** [cmTryCompileExec607247295/fast] Error 2


Determining if the function _strdup exists failed with the following output:
Change Dir: /home/fserrano/OpenWRTCompilerServer/build/CMakeFiles/CMakeTmp

Run Build Command:/usr/bin/make "cmTryCompileExec3471054781/fast"
/usr/bin/make -f CMakeFiles/cmTryCompileExec3471054781.dir/build.make CMakeFiles/cmTryCompileExec3471054781.dir/build
make[1]: se ingresa al directorio «/home/fserrano/OpenWRTCompilerServer/build/CMakeFiles/CMakeTmp»
/usr/bin/cmake -E cmake_progress_report /home/fserrano/OpenWRTCompilerServer/build/CMakeFiles/CMakeTmp/CMakeFiles 1
Building C object CMakeFiles/cmTryCompileExec3471054781.dir/CheckFunctionExists.c.o
/usr/bin/cc   -DCHECK_FUNCTION_EXISTS=_strdup   -o CMakeFiles/cmTryCompileExec3471054781.dir/CheckFunctionExists.c.o   -c /usr/share/cmake-2.8/Modules/CheckFunctionExists.c
Linking C executable cmTryCompileExec3471054781
/usr/bin/cmake -E cmake_link_script CMakeFiles/cmTryCompileExec3471054781.dir/link.txt --verbose=1
/usr/bin/cc   -DCHECK_FUNCTION_EXISTS=_strdup    CMakeFiles/cmTryCompileExec3471054781.dir/CheckFunctionExists.c.o  -o cmTryCompileExec3471054781 -rdynamic 
CMakeFiles/cmTryCompileExec3471054781.dir/CheckFunctionExists.c.o: En la función `main':
CheckFunctionExists.c:(.text+0x15): referencia a `_strdup' sin definir
collect2: error: ld returned 1 exit status
make[1]: se sale del directorio «/home/fserrano/OpenWRTCompilerServer/build/CMakeFiles/CMakeTmp»
make[1]: *** [cmTryCompileExec3471054781] Error 1
make: *** [cmTryCompileExec3471054781/fast] Error 2


Determining if the function _stricmp exists failed with the following output:
Change Dir: /home/fserrano/OpenWRTCompilerServer/build/CMakeFiles/CMakeTmp

Run Build Command:/usr/bin/make "cmTryCompileExec2001888979/fast"
/usr/bin/make -f CMakeFiles/cmTryCompileExec2001888979.dir/build.make CMakeFiles/cmTryCompileExec2001888979.dir/build
make[1]: se ingresa al directorio «/home/fserrano/OpenWRTCompilerServer/build/CMakeFiles/CMakeTmp»
/usr/bin/cmake -E cmake_progress_report /home/fserrano/OpenWRTCompilerServer/build/CMakeFiles/CMakeTmp/CMakeFiles 1
Building C object CMakeFiles/cmTryCompileExec2001888979.dir/CheckFunctionExists.c.o
/usr/bin/cc   -DCHECK_FUNCTION_EXISTS=_stricmp   -o CMakeFiles/cmTryCompileExec2001888979.dir/CheckFunctionExists.c.o   -c /usr/share/cmake-2.8/Modules/CheckFunctionExists.c
Linking C executable cmTryCompileExec2001888979
/usr/bin/cmake -E cmake_link_script CMakeFiles/cmTryCompileExec2001888979.dir/link.txt --verbose=1
/usr/bin/cc   -DCHECK_FUNCTION_EXISTS=_stricmp    CMakeFiles/cmTryCompileExec2001888979.dir/CheckFunctionExists.c.o  -o cmTryCompileExec2001888979 -rdynamic 
CMakeFiles/cmTryCompileExec2001888979.dir/CheckFunctionExists.c.o: En la función `main':
CheckFunctionExists.c:(.text+0x15): referencia a `_stricmp' sin definir
collect2: error: ld returned 1 exit status
make[1]: se sale del directorio «/home/fserrano/OpenWRTCompilerServer/build/CMakeFiles/CMakeTmp»
make[1]: *** [cmTryCompileExec2001888979] Error 1
make: *** [cmTryCompileExec2001888979/fast] Error 2


Determining if the function getprogname exists failed with the following output:
Change Dir: /home/fserrano/OpenWRTCompilerServer/build/CMakeFiles/CMakeTmp

Run Build Command:/usr/bin/make "cmTryCompileExec1169596401/fast"
/usr/bin/make -f CMakeFiles/cmTryCompileExec1169596401.dir/build.make CMakeFiles/cmTryCompileExec1169596401.dir/build
make[1]: se ingresa al directorio «/home/fserrano/OpenWRTCompilerServer/build/CMakeFiles/CMakeTmp»
/usr/bin/cmake -E cmake_progress_report /home/fserrano/OpenWRTCompilerServer/build/CMakeFiles/CMakeTmp/CMakeFiles 1
Building C object CMakeFiles/cmTryCompileExec1169596401.dir/CheckFunctionExists.c.o
/usr/bin/cc   -DCHECK_FUNCTION_EXISTS=getprogname   -o CMakeFiles/cmTryCompileExec1169596401.dir/CheckFunctionExists.c.o   -c /usr/share/cmake-2.8/Modules/CheckFunctionExists.c
Linking C executable cmTryCompileExec1169596401
/usr/bin/cmake -E cmake_link_script CMakeFiles/cmTryCompileExec1169596401.dir/link.txt --verbose=1
/usr/bin/cc   -DCHECK_FUNCTION_EXISTS=getprogname    CMakeFiles/cmTryCompileExec1169596401.dir/CheckFunctionExists.c.o  -o cmTryCompileExec1169596401 -rdynamic 
CMakeFiles/cmTryCompileExec1169596401.dir/CheckFunctionExists.c.o: En la función `main':
CheckFunctionExists.c:(.text+0x15): referencia a `getprogname' sin definir
collect2: error: ld returned 1 exit status
make[1]: se sale del directorio «/home/fserrano/OpenWRTCompilerServer/build/CMakeFiles/CMakeTmp»
make[1]: *** [cmTryCompileExec1169596401] Error 1
make: *** [cmTryCompileExec1169596401/fast] Error 2


Determining if the function setmode exists failed with the following output:
Change Dir: /home/fserrano/OpenWRTCompilerServer/build/CMakeFiles/CMakeTmp

Run Build Command:/usr/bin/make "cmTryCompileExec2544310990/fast"
/usr/bin/make -f CMakeFiles/cmTryCompileExec2544310990.dir/build.make CMakeFiles/cmTryCompileExec2544310990.dir/build
make[1]: se ingresa al directorio «/home/fserrano/OpenWRTCompilerServer/build/CMakeFiles/CMakeTmp»
/usr/bin/cmake -E cmake_progress_report /home/fserrano/OpenWRTCompilerServer/build/CMakeFiles/CMakeTmp/CMakeFiles 1
Building C object CMakeFiles/cmTryCompileExec2544310990.dir/CheckFunctionExists.c.o
/usr/bin/cc   -DCHECK_FUNCTION_EXISTS=setmode   -o CMakeFiles/cmTryCompileExec2544310990.dir/CheckFunctionExists.c.o   -c /usr/share/cmake-2.8/Modules/CheckFunctionExists.c
Linking C executable cmTryCompileExec2544310990
/usr/bin/cmake -E cmake_link_script CMakeFiles/cmTryCompileExec2544310990.dir/link.txt --verbose=1
/usr/bin/cc   -DCHECK_FUNCTION_EXISTS=setmode    CMakeFiles/cmTryCompileExec2544310990.dir/CheckFunctionExists.c.o  -o cmTryCompileExec2544310990 -rdynamic 
CMakeFiles/cmTryCompileExec2544310990.dir/CheckFunctionExists.c.o: En la función `main':
CheckFunctionExists.c:(.text+0x15): referencia a `setmode' sin definir
collect2: error: ld returned 1 exit status
make[1]: se sale del directorio «/home/fserrano/OpenWRTCompilerServer/build/CMakeFiles/CMakeTmp»
make[1]: *** [cmTryCompileExec2544310990] Error 1
make: *** [cmTryCompileExec2544310990/fast] Error 2


Determining if the function stricmp exists failed with the following output:
Change Dir: /home/fserrano/OpenWRTCompilerServer/build/CMakeFiles/CMakeTmp

Run Build Command:/usr/bin/make "cmTryCompileExec532469594/fast"
/usr/bin/make -f CMakeFiles/cmTryCompileExec532469594.dir/build.make CMakeFiles/cmTryCompileExec532469594.dir/build
make[1]: se ingresa al directorio «/home/fserrano/OpenWRTCompilerServer/build/CMakeFiles/CMakeTmp»
/usr/bin/cmake -E cmake_progress_report /home/fserrano/OpenWRTCompilerServer/build/CMakeFiles/CMakeTmp/CMakeFiles 1
Building C object CMakeFiles/cmTryCompileExec532469594.dir/CheckFunctionExists.c.o
/usr/bin/cc   -DCHECK_FUNCTION_EXISTS=stricmp   -o CMakeFiles/cmTryCompileExec532469594.dir/CheckFunctionExists.c.o   -c /usr/share/cmake-2.8/Modules/CheckFunctionExists.c
Linking C executable cmTryCompileExec532469594
/usr/bin/cmake -E cmake_link_script CMakeFiles/cmTryCompileExec532469594.dir/link.txt --verbose=1
/usr/bin/cc   -DCHECK_FUNCTION_EXISTS=stricmp    CMakeFiles/cmTryCompileExec532469594.dir/CheckFunctionExists.c.o  -o cmTryCompileExec532469594 -rdynamic 
CMakeFiles/cmTryCompileExec532469594.dir/CheckFunctionExists.c.o: En la función `main':
CheckFunctionExists.c:(.text+0x15): referencia a `stricmp' sin definir
collect2: error: ld returned 1 exit status
make[1]: se sale del directorio «/home/fserrano/OpenWRTCompilerServer/build/CMakeFiles/CMakeTmp»
make[1]: *** [cmTryCompileExec532469594] Error 1
make: *** [cmTryCompileExec532469594/fast] Error 2


Determining size of __int8 failed with the following output:
Change Dir: /home/fserrano/OpenWRTCompilerServer/build/CMakeFiles/CMakeTmp

Run Build Command:/usr/bin/make "cmTryCompileExec2190231481/fast"
/usr/bin/make -f CMakeFiles/cmTryCompileExec2190231481.dir/build.make CMakeFiles/cmTryCompileExec2190231481.dir/build
make[1]: se ingresa al directorio «/home/fserrano/OpenWRTCompilerServer/build/CMakeFiles/CMakeTmp»
/usr/bin/cmake -E cmake_progress_report /home/fserrano/OpenWRTCompilerServer/build/CMakeFiles/CMakeTmp/CMakeFiles 1
Building C object CMakeFiles/cmTryCompileExec2190231481.dir/__INT8_LIBZIP.c.o
/usr/bin/cc    -o CMakeFiles/cmTryCompileExec2190231481.dir/__INT8_LIBZIP.c.o   -c /home/fserrano/OpenWRTCompilerServer/build/CMakeFiles/CheckTypeSize/__INT8_LIBZIP.c
/home/fserrano/OpenWRTCompilerServer/build/CMakeFiles/CheckTypeSize/__INT8_LIBZIP.c:17:22: error: ‘__int8’ undeclared here (not in a function)
 #define SIZE (sizeof(__int8))
                      ^
/home/fserrano/OpenWRTCompilerServer/build/CMakeFiles/CheckTypeSize/__INT8_LIBZIP.c:19:12: note: in expansion of macro ‘SIZE’
   ('0' + ((SIZE / 10000)%10)),
            ^
make[1]: se sale del directorio «/home/fserrano/OpenWRTCompilerServer/build/CMakeFiles/CMakeTmp»
make[1]: *** [CMakeFiles/cmTryCompileExec2190231481.dir/__INT8_LIBZIP.c.o] Error 1
make: *** [cmTryCompileExec2190231481/fast] Error 2

/home/fserrano/OpenWRTCompilerServer/build/CMakeFiles/CheckTypeSize/__INT8_LIBZIP.c:
#include <sys/types.h>
#include <stdint.h>
#include <stddef.h>


#undef KEY
#if defined(__i386)
# define KEY '_','_','i','3','8','6'
#elif defined(__x86_64)
# define KEY '_','_','x','8','6','_','6','4'
#elif defined(__ppc__)
# define KEY '_','_','p','p','c','_','_'
#elif defined(__ppc64__)
# define KEY '_','_','p','p','c','6','4','_','_'
#endif

#define SIZE (sizeof(__int8))
char info_size[] =  {'I', 'N', 'F', 'O', ':', 's','i','z','e','[',
  ('0' + ((SIZE / 10000)%10)),
  ('0' + ((SIZE / 1000)%10)),
  ('0' + ((SIZE / 100)%10)),
  ('0' + ((SIZE / 10)%10)),
  ('0' +  (SIZE    % 10)),
  ']',
#ifdef KEY
  ' ','k','e','y','[', KEY, ']',
#endif
  '\0'};

#ifdef __CLASSIC_C__
int main(argc, argv) int argc; char *argv[];
#else
int main(int argc, char *argv[])
#endif
{
  int require = 0;
  require += info_size[argc];
  (void)argv;
  return require;
}


Determining size of __int16 failed with the following output:
Change Dir: /home/fserrano/OpenWRTCompilerServer/build/CMakeFiles/CMakeTmp

Run Build Command:/usr/bin/make "cmTryCompileExec2737757542/fast"
/usr/bin/make -f CMakeFiles/cmTryCompileExec2737757542.dir/build.make CMakeFiles/cmTryCompileExec2737757542.dir/build
make[1]: se ingresa al directorio «/home/fserrano/OpenWRTCompilerServer/build/CMakeFiles/CMakeTmp»
/usr/bin/cmake -E cmake_progress_report /home/fserrano/OpenWRTCompilerServer/build/CMakeFiles/CMakeTmp/CMakeFiles 1
Building C object CMakeFiles/cmTryCompileExec2737757542.dir/__INT16_LIBZIP.c.o
/usr/bin/cc    -o CMakeFiles/cmTryCompileExec2737757542.dir/__INT16_LIBZIP.c.o   -c /home/fserrano/OpenWRTCompilerServer/build/CMakeFiles/CheckTypeSize/__INT16_LIBZIP.c
/home/fserrano/OpenWRTCompilerServer/build/CMakeFiles/CheckTypeSize/__INT16_LIBZIP.c:17:22: error: ‘__int16’ undeclared here (not in a function)
 #define SIZE (sizeof(__int16))
                      ^
/home/fserrano/OpenWRTCompilerServer/build/CMakeFiles/CheckTypeSize/__INT16_LIBZIP.c:19:12: note: in expansion of macro ‘SIZE’
   ('0' + ((SIZE / 10000)%10)),
            ^
make[1]: se sale del directorio «/home/fserrano/OpenWRTCompilerServer/build/CMakeFiles/CMakeTmp»
make[1]: *** [CMakeFiles/cmTryCompileExec2737757542.dir/__INT16_LIBZIP.c.o] Error 1
make: *** [cmTryCompileExec2737757542/fast] Error 2

/home/fserrano/OpenWRTCompilerServer/build/CMakeFiles/CheckTypeSize/__INT16_LIBZIP.c:
#include <sys/types.h>
#include <stdint.h>
#include <stddef.h>


#undef KEY
#if defined(__i386)
# define KEY '_','_','i','3','8','6'
#elif defined(__x86_64)
# define KEY '_','_','x','8','6','_','6','4'
#elif defined(__ppc__)
# define KEY '_','_','p','p','c','_','_'
#elif defined(__ppc64__)
# define KEY '_','_','p','p','c','6','4','_','_'
#endif

#define SIZE (sizeof(__int16))
char info_size[] =  {'I', 'N', 'F', 'O', ':', 's','i','z','e','[',
  ('0' + ((SIZE / 10000)%10)),
  ('0' + ((SIZE / 1000)%10)),
  ('0' + ((SIZE / 100)%10)),
  ('0' + ((SIZE / 10)%10)),
  ('0' +  (SIZE    % 10)),
  ']',
#ifdef KEY
  ' ','k','e','y','[', KEY, ']',
#endif
  '\0'};

#ifdef __CLASSIC_C__
int main(argc, argv) int argc; char *argv[];
#else
int main(int argc, char *argv[])
#endif
{
  int require = 0;
  require += info_size[argc];
  (void)argv;
  return require;
}


Determining size of __int32 failed with the following output:
Change Dir: /home/fserrano/OpenWRTCompilerServer/build/CMakeFiles/CMakeTmp

Run Build Command:/usr/bin/make "cmTryCompileExec617454842/fast"
/usr/bin/make -f CMakeFiles/cmTryCompileExec617454842.dir/build.make CMakeFiles/cmTryCompileExec617454842.dir/build
make[1]: se ingresa al directorio «/home/fserrano/OpenWRTCompilerServer/build/CMakeFiles/CMakeTmp»
/usr/bin/cmake -E cmake_progress_report /home/fserrano/OpenWRTCompilerServer/build/CMakeFiles/CMakeTmp/CMakeFiles 1
Building C object CMakeFiles/cmTryCompileExec617454842.dir/__INT32_LIBZIP.c.o
/usr/bin/cc    -o CMakeFiles/cmTryCompileExec617454842.dir/__INT32_LIBZIP.c.o   -c /home/fserrano/OpenWRTCompilerServer/build/CMakeFiles/CheckTypeSize/__INT32_LIBZIP.c
/home/fserrano/OpenWRTCompilerServer/build/CMakeFiles/CheckTypeSize/__INT32_LIBZIP.c:17:22: error: ‘__int32’ undeclared here (not in a function)
 #define SIZE (sizeof(__int32))
                      ^
/home/fserrano/OpenWRTCompilerServer/build/CMakeFiles/CheckTypeSize/__INT32_LIBZIP.c:19:12: note: in expansion of macro ‘SIZE’
   ('0' + ((SIZE / 10000)%10)),
            ^
make[1]: se sale del directorio «/home/fserrano/OpenWRTCompilerServer/build/CMakeFiles/CMakeTmp»
make[1]: *** [CMakeFiles/cmTryCompileExec617454842.dir/__INT32_LIBZIP.c.o] Error 1
make: *** [cmTryCompileExec617454842/fast] Error 2

/home/fserrano/OpenWRTCompilerServer/build/CMakeFiles/CheckTypeSize/__INT32_LIBZIP.c:
#include <sys/types.h>
#include <stdint.h>
#include <stddef.h>


#undef KEY
#if defined(__i386)
# define KEY '_','_','i','3','8','6'
#elif defined(__x86_64)
# define KEY '_','_','x','8','6','_','6','4'
#elif defined(__ppc__)
# define KEY '_','_','p','p','c','_','_'
#elif defined(__ppc64__)
# define KEY '_','_','p','p','c','6','4','_','_'
#endif

#define SIZE (sizeof(__int32))
char info_size[] =  {'I', 'N', 'F', 'O', ':', 's','i','z','e','[',
  ('0' + ((SIZE / 10000)%10)),
  ('0' + ((SIZE / 1000)%10)),
  ('0' + ((SIZE / 100)%10)),
  ('0' + ((SIZE / 10)%10)),
  ('0' +  (SIZE    % 10)),
  ']',
#ifdef KEY
  ' ','k','e','y','[', KEY, ']',
#endif
  '\0'};

#ifdef __CLASSIC_C__
int main(argc, argv) int argc; char *argv[];
#else
int main(int argc, char *argv[])
#endif
{
  int require = 0;
  require += info_size[argc];
  (void)argv;
  return require;
}


Determining size of __int64 failed with the following output:
Change Dir: /home/fserrano/OpenWRTCompilerServer/build/CMakeFiles/CMakeTmp

Run Build Command:/usr/bin/make "cmTryCompileExec859488050/fast"
/usr/bin/make -f CMakeFiles/cmTryCompileExec859488050.dir/build.make CMakeFiles/cmTryCompileExec859488050.dir/build
make[1]: se ingresa al directorio «/home/fserrano/OpenWRTCompilerServer/build/CMakeFiles/CMakeTmp»
/usr/bin/cmake -E cmake_progress_report /home/fserrano/OpenWRTCompilerServer/build/CMakeFiles/CMakeTmp/CMakeFiles 1
Building C object CMakeFiles/cmTryCompileExec859488050.dir/__INT64_LIBZIP.c.o
/usr/bin/cc    -o CMakeFiles/cmTryCompileExec859488050.dir/__INT64_LIBZIP.c.o   -c /home/fserrano/OpenWRTCompilerServer/build/CMakeFiles/CheckTypeSize/__INT64_LIBZIP.c
/home/fserrano/OpenWRTCompilerServer/build/CMakeFiles/CheckTypeSize/__INT64_LIBZIP.c:17:22: error: ‘__int64’ undeclared here (not in a function)
 #define SIZE (sizeof(__int64))
                      ^
/home/fserrano/OpenWRTCompilerServer/build/CMakeFiles/CheckTypeSize/__INT64_LIBZIP.c:19:12: note: in expansion of macro ‘SIZE’
   ('0' + ((SIZE / 10000)%10)),
            ^
make[1]: se sale del directorio «/home/fserrano/OpenWRTCompilerServer/build/CMakeFiles/CMakeTmp»
make[1]: *** [CMakeFiles/cmTryCompileExec859488050.dir/__INT64_LIBZIP.c.o] Error 1
make: *** [cmTryCompileExec859488050/fast] Error 2

/home/fserrano/OpenWRTCompilerServer/build/CMakeFiles/CheckTypeSize/__INT64_LIBZIP.c:
#include <sys/types.h>
#include <stdint.h>
#include <stddef.h>


#undef KEY
#if defined(__i386)
# define KEY '_','_','i','3','8','6'
#elif defined(__x86_64)
# define KEY '_','_','x','8','6','_','6','4'
#elif defined(__ppc__)
# define KEY '_','_','p','p','c','_','_'
#elif defined(__ppc64__)
# define KEY '_','_','p','p','c','6','4','_','_'
#endif

#define SIZE (sizeof(__int64))
char info_size[] =  {'I', 'N', 'F', 'O', ':', 's','i','z','e','[',
  ('0' + ((SIZE / 10000)%10)),
  ('0' + ((SIZE / 1000)%10)),
  ('0' + ((SIZE / 100)%10)),
  ('0' + ((SIZE / 10)%10)),
  ('0' +  (SIZE    % 10)),
  ']',
#ifdef KEY
  ' ','k','e','y','[', KEY, ']',
#endif
  '\0'};

#ifdef __CLASSIC_C__
int main(argc, argv) int argc; char *argv[];
#else
int main(int argc, char *argv[])
#endif
{
  int require = 0;
  require += info_size[argc];
  (void)argv;
  return require;
}


